#
# There is insufficient memory for the Java Runtime Environment to continue.
# Native memory allocation (mmap) failed to map 1073741824 bytes for committing reserved memory.
# Possible reasons:
#   The system is out of physical RAM or swap space
#   The process is running with CompressedOops enabled, and the Java Heap may be blocking the growth of the native heap
# Possible solutions:
#   Reduce memory load on the system
#   Increase physical memory or swap space
#   Check if swap backing store is full
#   Decrease Java heap size (-Xmx/-Xms)
#   Decrease number of Java threads
#   Decrease Java thread stack sizes (-Xss)
#   Set larger code cache with -XX:ReservedCodeCacheSize=
# This output file may be truncated or incomplete.
#
#  Out of Memory Error (os_linux.cpp:2795), pid=12771, tid=0x00007f70afb1c700
#
# JRE version:  (8.0_342-b07) (build )
# Java VM: OpenJDK 64-Bit Server VM (25.342-b07 mixed mode linux-amd64 compressed oops)
# Failed to write core dump. Core dumps have been disabled. To enable core dumping, try "ulimit -c unlimited" before starting Java again
#

---------------  T H R E A D  ---------------

Current thread (0x00007f70a804d800):  JavaThread "Unknown thread" [_thread_in_vm, id=12772, stack(0x00007f70afa1d000,0x00007f70afb1d000)]

Stack: [0x00007f70afa1d000,0x00007f70afb1d000],  sp=0x00007f70afb1b440,  free space=1017k
Native frames: (J=compiled Java code, j=interpreted, Vv=VM code, C=native code)
V  [libjvm.so+0xbb9337]  VMError::report_and_die()+0x2c7
V  [libjvm.so+0x4f7314]  report_vm_out_of_memory(char const*, int, unsigned long, VMErrorType, char const*)+0xb4
V  [libjvm.so+0x976f7c]  os::pd_commit_memory_or_exit(char*, unsigned long, unsigned long, bool, char const*)+0xfc
V  [libjvm.so+0x96e9fc]  os::commit_memory_or_exit(char*, unsigned long, unsigned long, bool, char const*)+0x2c
V  [libjvm.so+0x5c3da3]  G1PageBasedVirtualSpace::commit_internal(unsigned long, unsigned long)+0x213
V  [libjvm.so+0x5c3e2e]  G1PageBasedVirtualSpace::commit(unsigned long, unsigned long)+0x7e
V  [libjvm.so+0x5c6ad5]  G1RegionsLargerThanCommitSizeMapper::commit_regions(unsigned int, unsigned long)+0x35
V  [libjvm.so+0x6371c6]  HeapRegionManager::commit_regions(unsigned int, unsigned long)+0x76
V  [libjvm.so+0x63821e]  HeapRegionManager::make_regions_available(unsigned int, unsigned int)+0x4e
V  [libjvm.so+0x6386d2]  HeapRegionManager::expand_by(unsigned int)+0x112
V  [libjvm.so+0x59f9b2]  G1CollectedHeap::expand(unsigned long)+0x122
V  [libjvm.so+0x5a977a]  G1CollectedHeap::initialize()+0x5ea
V  [libjvm.so+0xb7e69b]  Universe::initialize_heap()+0x16b
V  [libjvm.so+0xb7e985]  universe_init()+0x45
V  [libjvm.so+0x64c2cc]  init_globals()+0x6c
V  [libjvm.so+0xb613af]  Threads::create_vm(JavaVMInitArgs*, bool*)+0x4ff
V  [libjvm.so+0x732c0f]  JNI_CreateJavaVM+0x5f
C  [libjli.so+0x2dbf]  JavaMain+0x9f
C  [libpthread.so.0+0x744b]  start_thread+0xdb


---------------  P R O C E S S  ---------------

Java Threads: ( => current thread )

Other Threads:

=>0x00007f70a804d800 (exited) JavaThread "Unknown thread" [_thread_in_vm, id=12772, stack(0x00007f70afa1d000,0x00007f70afb1d000)]

VM state:not at safepoint (not fully initialized)

VM Mutex/Monitor currently owned by a thread:  ([mutex/lock_event])
[0x00007f70a804ac00] Heap_lock - owner thread: 0x00007f70a804d800

heap address: 0x00000000c0000000, size: 1024 MB, Compressed Oops mode: Non-zero based:0x00000000bffff000
Narrow klass base: 0x0000000000000000, Narrow klass shift: 0

GC Heap History (0 events):
No events

Deoptimization events (0 events):
No events

Classes redefined (0 events):
No events

Internal exceptions (0 events):
No events

Events (0 events):
No events


Dynamic libraries:
55abfb200000-55abfb201000 r-xp 00000000 ca:01 500291                     /usr/lib/jvm/java-1.8.0-openjdk-1.8.0.342.b07-1.amzn2.0.1.x86_64/jre/bin/java
55abfb400000-55abfb401000 r--p 00000000 ca:01 500291                     /usr/lib/jvm/java-1.8.0-openjdk-1.8.0.342.b07-1.amzn2.0.1.x86_64/jre/bin/java
55abfb401000-55abfb402000 rw-p 00001000 ca:01 500291                     /usr/lib/jvm/java-1.8.0-openjdk-1.8.0.342.b07-1.amzn2.0.1.x86_64/jre/bin/java
55abfc047000-55abfc068000 rw-p 00000000 00:00 0                          [heap]
7f7080000000-7f7080021000 rw-p 00000000 00:00 0 
7f7080021000-7f7084000000 ---p 00000000 00:00 0 
7f7084000000-7f7084021000 rw-p 00000000 00:00 0 
7f7084021000-7f7088000000 ---p 00000000 00:00 0 
7f7088000000-7f7088021000 rw-p 00000000 00:00 0 
7f7088021000-7f708c000000 ---p 00000000 00:00 0 
7f708c000000-7f708c021000 rw-p 00000000 00:00 0 
7f708c021000-7f7090000000 ---p 00000000 00:00 0 
7f7090000000-7f7092000000 rw-p 00000000 00:00 0 
7f7092000000-7f7094000000 ---p 00000000 00:00 0 
7f7094000000-7f7094021000 rw-p 00000000 00:00 0 
7f7094021000-7f7098000000 ---p 00000000 00:00 0 
7f709813f000-7f70984fd000 rw-p 00000000 00:00 0 
7f70984fd000-7f70984fe000 ---p 00000000 00:00 0 
7f70984fe000-7f70985fe000 rw-p 00000000 00:00 0 
7f70985fe000-7f70985ff000 ---p 00000000 00:00 0 
7f70985ff000-7f70986ff000 rw-p 00000000 00:00 0 
7f70986ff000-7f7098eff000 ---p 00000000 00:00 0 
7f7098eff000-7f7098f00000 ---p 00000000 00:00 0 
7f7098f00000-7f7099000000 rw-p 00000000 00:00 0 
7f7099000000-7f7099270000 rwxp 00000000 00:00 0 
7f7099270000-7f70a8000000 ---p 00000000 00:00 0 
7f70a8000000-7f70a8097000 rw-p 00000000 00:00 0 
7f70a8097000-7f70ac000000 ---p 00000000 00:00 0 
7f70ac03c000-7f70ac03d000 ---p 00000000 00:00 0 
7f70ac03d000-7f70ac23e000 rw-p 00000000 00:00 0 
7f70ac23e000-7f70ac23f000 ---p 00000000 00:00 0 
7f70ac23f000-7f70ac349000 rw-p 00000000 00:00 0 
7f70ac349000-7f70ac6ff000 ---p 00000000 00:00 0 
7f70ac6ff000-7f70ac707000 r-xp 00000000 ca:01 9127912                    /usr/lib/jvm/java-1.8.0-openjdk-1.8.0.342.b07-1.amzn2.0.1.x86_64/jre/lib/amd64/libzip.so
7f70ac707000-7f70ac906000 ---p 00008000 ca:01 9127912                    /usr/lib/jvm/java-1.8.0-openjdk-1.8.0.342.b07-1.amzn2.0.1.x86_64/jre/lib/amd64/libzip.so
7f70ac906000-7f70ac907000 r--p 00007000 ca:01 9127912                    /usr/lib/jvm/java-1.8.0-openjdk-1.8.0.342.b07-1.amzn2.0.1.x86_64/jre/lib/amd64/libzip.so
7f70ac907000-7f70ac908000 rw-p 00008000 ca:01 9127912                    /usr/lib/jvm/java-1.8.0-openjdk-1.8.0.342.b07-1.amzn2.0.1.x86_64/jre/lib/amd64/libzip.so
7f70ac908000-7f70ac916000 r-xp 00000000 ca:01 12584215                   /usr/lib64/libnss_files-2.26.so
7f70ac916000-7f70acb15000 ---p 0000e000 ca:01 12584215                   /usr/lib64/libnss_files-2.26.so
7f70acb15000-7f70acb16000 r--p 0000d000 ca:01 12584215                   /usr/lib64/libnss_files-2.26.so
7f70acb16000-7f70acb17000 rw-p 0000e000 ca:01 12584215                   /usr/lib64/libnss_files-2.26.so
7f70acb17000-7f70acb1d000 rw-p 00000000 00:00 0 
7f70acb1d000-7f70acb25000 r-xp 00000000 ca:01 13228814                   /usr/lib64/libnss_sss.so.2
7f70acb25000-7f70acd24000 ---p 00008000 ca:01 13228814                   /usr/lib64/libnss_sss.so.2
7f70acd24000-7f70acd25000 r--p 00007000 ca:01 13228814                   /usr/lib64/libnss_sss.so.2
7f70acd25000-7f70acd26000 rw-p 00008000 ca:01 13228814                   /usr/lib64/libnss_sss.so.2
7f70acd26000-7f70acd50000 r-xp 00000000 ca:01 9127894                    /usr/lib/jvm/java-1.8.0-openjdk-1.8.0.342.b07-1.amzn2.0.1.x86_64/jre/lib/amd64/libjava.so
7f70acd50000-7f70acf4f000 ---p 0002a000 ca:01 9127894                    /usr/lib/jvm/java-1.8.0-openjdk-1.8.0.342.b07-1.amzn2.0.1.x86_64/jre/lib/amd64/libjava.so
7f70acf4f000-7f70acf50000 r--p 00029000 ca:01 9127894                    /usr/lib/jvm/java-1.8.0-openjdk-1.8.0.342.b07-1.amzn2.0.1.x86_64/jre/lib/amd64/libjava.so
7f70acf50000-7f70acf52000 rw-p 0002a000 ca:01 9127894                    /usr/lib/jvm/java-1.8.0-openjdk-1.8.0.342.b07-1.amzn2.0.1.x86_64/jre/lib/amd64/libjava.so
7f70acf52000-7f70acf5f000 r-xp 00000000 ca:01 9127911                    /usr/lib/jvm/java-1.8.0-openjdk-1.8.0.342.b07-1.amzn2.0.1.x86_64/jre/lib/amd64/libverify.so
7f70acf5f000-7f70ad15e000 ---p 0000d000 ca:01 9127911                    /usr/lib/jvm/java-1.8.0-openjdk-1.8.0.342.b07-1.amzn2.0.1.x86_64/jre/lib/amd64/libverify.so
7f70ad15e000-7f70ad160000 r--p 0000c000 ca:01 9127911                    /usr/lib/jvm/java-1.8.0-openjdk-1.8.0.342.b07-1.amzn2.0.1.x86_64/jre/lib/amd64/libverify.so
7f70ad160000-7f70ad161000 rw-p 0000e000 ca:01 9127911                    /usr/lib/jvm/java-1.8.0-openjdk-1.8.0.342.b07-1.amzn2.0.1.x86_64/jre/lib/amd64/libverify.so
7f70ad161000-7f70ad168000 r-xp 00000000 ca:01 12584221                   /usr/lib64/librt-2.26.so
7f70ad168000-7f70ad367000 ---p 00007000 ca:01 12584221                   /usr/lib64/librt-2.26.so
7f70ad367000-7f70ad368000 r--p 00006000 ca:01 12584221                   /usr/lib64/librt-2.26.so
7f70ad368000-7f70ad369000 rw-p 00007000 ca:01 12584221                   /usr/lib64/librt-2.26.so
7f70ad369000-7f70ad37e000 r-xp 00000000 ca:01 12584184                   /usr/lib64/libgcc_s-7-20180712.so.1
7f70ad37e000-7f70ad57d000 ---p 00015000 ca:01 12584184                   /usr/lib64/libgcc_s-7-20180712.so.1
7f70ad57d000-7f70ad57e000 r--p 00014000 ca:01 12584184                   /usr/lib64/libgcc_s-7-20180712.so.1
7f70ad57e000-7f70ad57f000 rw-p 00015000 ca:01 12584184                   /usr/lib64/libgcc_s-7-20180712.so.1
7f70ad57f000-7f70ad6be000 r-xp 00000000 ca:01 12584205                   /usr/lib64/libm-2.26.so
7f70ad6be000-7f70ad8bd000 ---p 0013f000 ca:01 12584205                   /usr/lib64/libm-2.26.so
7f70ad8bd000-7f70ad8be000 r--p 0013e000 ca:01 12584205                   /usr/lib64/libm-2.26.so
7f70ad8be000-7f70ad8bf000 rw-p 0013f000 ca:01 12584205                   /usr/lib64/libm-2.26.so
7f70ad8bf000-7f70ada31000 r-xp 00000000 ca:01 12584259                   /usr/lib64/libstdc++.so.6.0.24
7f70ada31000-7f70adc31000 ---p 00172000 ca:01 12584259                   /usr/lib64/libstdc++.so.6.0.24
7f70adc31000-7f70adc3b000 r--p 00172000 ca:01 12584259                   /usr/lib64/libstdc++.so.6.0.24
7f70adc3b000-7f70adc3d000 rw-p 0017c000 ca:01 12584259                   /usr/lib64/libstdc++.so.6.0.24
7f70adc3d000-7f70adc41000 rw-p 00000000 00:00 0 
7f70adc41000-7f70aea17000 r-xp 00000000 ca:01 4602142                    /usr/lib/jvm/java-1.8.0-openjdk-1.8.0.342.b07-1.amzn2.0.1.x86_64/jre/lib/amd64/server/libjvm.so
7f70aea17000-7f70aec17000 ---p 00dd6000 ca:01 4602142                    /usr/lib/jvm/java-1.8.0-openjdk-1.8.0.342.b07-1.amzn2.0.1.x86_64/jre/lib/amd64/server/libjvm.so
7f70aec17000-7f70aecb5000 r--p 00dd6000 ca:01 4602142                    /usr/lib/jvm/java-1.8.0-openjdk-1.8.0.342.b07-1.amzn2.0.1.x86_64/jre/lib/amd64/server/libjvm.so
7f70aecb5000-7f70aecdf000 rw-p 00e74000 ca:01 4602142                    /usr/lib/jvm/java-1.8.0-openjdk-1.8.0.342.b07-1.amzn2.0.1.x86_64/jre/lib/amd64/server/libjvm.so
7f70aecdf000-7f70aed13000 rw-p 00000000 00:00 0 
7f70aed13000-7f70aeeb7000 r-xp 00000000 ca:01 12584199                   /usr/lib64/libc-2.26.so
7f70aeeb7000-7f70af0b6000 ---p 001a4000 ca:01 12584199                   /usr/lib64/libc-2.26.so
7f70af0b6000-7f70af0ba000 r--p 001a3000 ca:01 12584199                   /usr/lib64/libc-2.26.so
7f70af0ba000-7f70af0bc000 rw-p 001a7000 ca:01 12584199                   /usr/lib64/libc-2.26.so
7f70af0bc000-7f70af0c0000 rw-p 00000000 00:00 0 
7f70af0c0000-7f70af0c3000 r-xp 00000000 ca:01 12584203                   /usr/lib64/libdl-2.26.so
7f70af0c3000-7f70af2c2000 ---p 00003000 ca:01 12584203                   /usr/lib64/libdl-2.26.so
7f70af2c2000-7f70af2c3000 r--p 00002000 ca:01 12584203                   /usr/lib64/libdl-2.26.so
7f70af2c3000-7f70af2c4000 rw-p 00003000 ca:01 12584203                   /usr/lib64/libdl-2.26.so
7f70af2c4000-7f70af2d2000 r-xp 00000000 ca:01 500302                     /usr/lib/jvm/java-1.8.0-openjdk-1.8.0.342.b07-1.amzn2.0.1.x86_64/jre/lib/amd64/jli/libjli.so
7f70af2d2000-7f70af4d1000 ---p 0000e000 ca:01 500302                     /usr/lib/jvm/java-1.8.0-openjdk-1.8.0.342.b07-1.amzn2.0.1.x86_64/jre/lib/amd64/jli/libjli.so
7f70af4d1000-7f70af4d2000 r--p 0000d000 ca:01 500302                     /usr/lib/jvm/java-1.8.0-openjdk-1.8.0.342.b07-1.amzn2.0.1.x86_64/jre/lib/amd64/jli/libjli.so
7f70af4d2000-7f70af4d3000 rw-p 0000e000 ca:01 500302                     /usr/lib/jvm/java-1.8.0-openjdk-1.8.0.342.b07-1.amzn2.0.1.x86_64/jre/lib/amd64/jli/libjli.so
7f70af4d3000-7f70af4e7000 r-xp 00000000 ca:01 12584280                   /usr/lib64/libz.so.1.2.7
7f70af4e7000-7f70af6e6000 ---p 00014000 ca:01 12584280                   /usr/lib64/libz.so.1.2.7
7f70af6e6000-7f70af6e7000 r--p 00013000 ca:01 12584280                   /usr/lib64/libz.so.1.2.7
7f70af6e7000-7f70af6e8000 rw-p 00014000 ca:01 12584280                   /usr/lib64/libz.so.1.2.7
7f70af6e8000-7f70af700000 r-xp 00000000 ca:01 12584217                   /usr/lib64/libpthread-2.26.so
7f70af700000-7f70af900000 ---p 00018000 ca:01 12584217                   /usr/lib64/libpthread-2.26.so
7f70af900000-7f70af901000 r--p 00018000 ca:01 12584217                   /usr/lib64/libpthread-2.26.so
7f70af901000-7f70af902000 rw-p 00019000 ca:01 12584217                   /usr/lib64/libpthread-2.26.so
7f70af902000-7f70af906000 rw-p 00000000 00:00 0 
7f70af906000-7f70af92a000 r-xp 00000000 ca:01 12584192                   /usr/lib64/ld-2.26.so
7f70af951000-7f70afa14000 rw-p 00000000 00:00 0 
7f70afa14000-7f70afa1c000 rw-s 00000000 ca:01 4602826                    /tmp/hsperfdata_root/12771
7f70afa1c000-7f70afa1d000 ---p 00000000 00:00 0 
7f70afa1d000-7f70afa20000 ---p 00000000 00:00 0 
7f70afa20000-7f70afb21000 rw-p 00000000 00:00 0 
7f70afb27000-7f70afb28000 rw-p 00000000 00:00 0 
7f70afb28000-7f70afb29000 r--p 00000000 00:00 0 
7f70afb29000-7f70afb2a000 r--p 00023000 ca:01 12584192                   /usr/lib64/ld-2.26.so
7f70afb2a000-7f70afb2b000 rw-p 00024000 ca:01 12584192                   /usr/lib64/ld-2.26.so
7f70afb2b000-7f70afb2c000 rw-p 00000000 00:00 0 
7ffe8e241000-7ffe8e262000 rw-p 00000000 00:00 0                          [stack]
7ffe8e3c3000-7ffe8e3c7000 r--p 00000000 00:00 0                          [vvar]
7ffe8e3c7000-7ffe8e3c9000 r-xp 00000000 00:00 0                          [vdso]
ffffffffff600000-ffffffffff601000 r-xp 00000000 00:00 0                  [vsyscall]

VM Arguments:
jvm_args: -XX:+HeapDumpOnOutOfMemoryError -Xms1g -Xmx1g -XX:MaxMetaspaceSize=256m -XX:+UseG1GC -XX:MaxGCPauseMillis=100 -XX:G1ReservePercent=20 -Djava.security.egd=file:/dev/urandom -Duser.language=en -Duser.region=EN 
java_command: ./ApacheJMeter.jar -n -t ../../scripts/script.jmx -p ../../scripts/.properties
java_class_path (initial): ./ApacheJMeter.jar
Launcher Type: SUN_STANDARD

Environment Variables:
PATH=/sbin:/bin:/usr/sbin:/usr/bin
USERNAME=root
SHELL=/bin/bash

Signal Handlers:
SIGSEGV: [libjvm.so+0xbba900], sa_mask[0]=11111111011111111101111111111110, sa_flags=SA_RESTART|SA_SIGINFO
SIGBUS: [libjvm.so+0xbba900], sa_mask[0]=11111111011111111101111111111110, sa_flags=SA_RESTART|SA_SIGINFO
SIGFPE: [libjvm.so+0x9720b0], sa_mask[0]=11111111011111111101111111111110, sa_flags=SA_RESTART|SA_SIGINFO
SIGPIPE: [libjvm.so+0x9720b0], sa_mask[0]=11111111011111111101111111111110, sa_flags=SA_RESTART|SA_SIGINFO
SIGXFSZ: [libjvm.so+0x9720b0], sa_mask[0]=11111111011111111101111111111110, sa_flags=SA_RESTART|SA_SIGINFO
SIGILL: [libjvm.so+0x9720b0], sa_mask[0]=11111111011111111101111111111110, sa_flags=SA_RESTART|SA_SIGINFO
SIGUSR1: SIG_DFL, sa_mask[0]=00000000000000000000000000000000, sa_flags=none
SIGUSR2: [libjvm.so+0x972660], sa_mask[0]=00000000000000000000000000000000, sa_flags=SA_RESTART|SA_SIGINFO
SIGHUP: SIG_DFL, sa_mask[0]=00000000000000000000000000000000, sa_flags=none
SIGINT: SIG_DFL, sa_mask[0]=00000000000000000000000000000000, sa_flags=none
SIGTERM: SIG_DFL, sa_mask[0]=00000000000000000000000000000000, sa_flags=none
SIGQUIT: SIG_DFL, sa_mask[0]=00000000000000000000000000000000, sa_flags=none


---------------  S Y S T E M  ---------------

OS:Amazon Linux release 2 (Karoo)

uname:Linux 5.10.147-133.644.amzn2.x86_64 #1 SMP Fri Oct 14 01:16:24 UTC 2022 x86_64
libc:glibc 2.26 NPTL 2.26 
rlimit: STACK 8192k, CORE 0k, NPROC infinity, NOFILE 65535, AS infinity
load average:0.00 0.00 0.00

/proc/meminfo:
MemTotal:         988916 kB
MemFree:           66824 kB
MemAvailable:     730696 kB
Buffers:            1072 kB
Cached:           767540 kB
SwapCached:            0 kB
Active:           460124 kB
Inactive:         349352 kB
Active(anon):        296 kB
Inactive(anon):    40984 kB
Active(file):     459828 kB
Inactive(file):   308368 kB
Unevictable:           0 kB
Mlocked:               0 kB
SwapTotal:             0 kB
SwapFree:              0 kB
Dirty:               212 kB
Writeback:             0 kB
AnonPages:         40920 kB
Mapped:            52676 kB
Shmem:               416 kB
KReclaimable:      46572 kB
Slab:              84048 kB
SReclaimable:      46572 kB
SUnreclaim:        37476 kB
KernelStack:        2224 kB
PageTables:         4908 kB
NFS_Unstable:          0 kB
Bounce:                0 kB
WritebackTmp:          0 kB
CommitLimit:      494456 kB
Committed_AS:     288636 kB
VmallocTotal:   34359738367 kB
VmallocUsed:        5248 kB
VmallocChunk:          0 kB
Percpu:             4544 kB
HardwareCorrupted:     0 kB
AnonHugePages:         0 kB
ShmemHugePages:        0 kB
ShmemPmdMapped:        0 kB
FileHugePages:         0 kB
FilePmdMapped:         0 kB
HugePages_Total:       0
HugePages_Free:        0
HugePages_Rsvd:        0
HugePages_Surp:        0
Hugepagesize:       2048 kB
Hugetlb:               0 kB
DirectMap4k:      100352 kB
DirectMap2M:      948224 kB

container (cgroup) information:
container_type: cgroupv1
cpu_cpuset_cpus: 0
cpu_memory_nodes: 0
active_processor_count: 1
cpu_quota: -1
cpu_period: 100000
cpu_shares: -1
memory_limit_in_bytes: -1
memory_and_swap_limit_in_bytes: -1
memory_soft_limit_in_bytes: -1
memory_usage_in_bytes: 828850176
memory_max_usage_in_bytes: 0


CPU:total 1 (initial active 1) (1 cores per cpu, 1 threads per core) family 6 model 63 stepping 2, cmov, cx8, fxsr, mmx, sse, sse2, sse3, ssse3, sse4.1, sse4.2, popcnt, avx, avx2, aes, clmul, erms, lzcnt, tsc, bmi1, bmi2

/proc/cpuinfo:
processor	: 0
vendor_id	: GenuineIntel
cpu family	: 6
model		: 63
model name	: Intel(R) Xeon(R) CPU E5-2676 v3 @ 2.40GHz
stepping	: 2
microcode	: 0x49
cpu MHz		: 2394.505
cache size	: 30720 KB
physical id	: 0
siblings	: 1
core id		: 0
cpu cores	: 1
apicid		: 0
initial apicid	: 0
fpu		: yes
fpu_exception	: yes
cpuid level	: 13
wp		: yes
flags		: fpu vme de pse tsc msr pae mce cx8 apic sep mtrr pge mca cmov pat pse36 clflush mmx fxsr sse sse2 ht syscall nx rdtscp lm constant_tsc rep_good nopl xtopology cpuid tsc_known_freq pni pclmulqdq ssse3 fma cx16 pcid sse4_1 sse4_2 x2apic movbe popcnt tsc_deadline_timer aes xsave avx f16c rdrand hypervisor lahf_lm abm cpuid_fault invpcid_single pti fsgsbase bmi1 avx2 smep bmi2 erms invpcid xsaveopt
bugs		: cpu_meltdown spectre_v1 spectre_v2 spec_store_bypass l1tf mds swapgs itlb_multihit mmio_stale_data
bogomips	: 4788.94
clflush size	: 64
cache_alignment	: 64
address sizes	: 46 bits physical, 48 bits virtual
power management:



Memory: 4k page, physical 988916k(66824k free), swap 0k(0k free)

vm_info: OpenJDK 64-Bit Server VM (25.342-b07) for linux-amd64 JRE (1.8.0_342-b07), built on Aug 30 2022 22:15:19 by "mockbuild" with gcc 7.3.1 20180712 (Red Hat 7.3.1-15)

time: Thu Dec 15 19:56:26 2022
timezone: UTC
elapsed time: 0.008900 seconds (0d 0h 0m 0s)

